mktextfm grxn2488
mktextfm grxn2488
mktextfm grxn2488
mktextfm grxn2488
mktextfm Arial
mktextfm Arial
mktextfm Arial
mktextfm Arial
mktextfm Arial
mktextfm Arial
mktextfm Arial
mktextfm Arial
mktextfm Arial
mktextfm Arial
mktextfm Arial
mktextfm Arial
mktextfm Arial
mktextfm Arial
mktextfm Arial
mktextfm Arial
mktextfm Arial
mktextfm Arial
mktextfm times-new-roman
mktextfm times-new-roman
mktextfm times-new-roman
mktextfm times-new-roman/BI
mktextfm times-new-roman
mktextfm times-new-roman/B
mktextfm times-new-roman
mktextfm times-new-roman/I
mktextfm times-new-roman
mktextfm times-new-roman
mktextfm times-new-roman
mktextfm Arial
mktextfm times-new-roman
mktextfm times-new-roman
mktextfm times-new-roman
mktextfm times-new-roman
mktextfm times-new-roman
mktextfm times-new-roman
mktextfm times-new-roman
mktextfm times-new-roman
mktextfm times-new-roman
mktextfm times-new-roman
mktextfm times-new-roman
mktextfm times-new-roman
mktextfm times-new-roman
mktextfm times-new-roman
mktextfm times-new-roman
mktextfm times-new-roman
mktextfm times-new-roman
mktextfm Arial
mktextfm Arial
mktextfm Arial
mktextfm Arial
mktextfm Arial
mktextfm Arial
mktextfm Arial
mktextfm Arial
mktextfm Arial
mktextfm Arial
mktextfm Arial
mktextfm Arial
mktextfm Arial
mktextfm Arial
mktextfm Arial
mktextfm Arial
mktextfm Arial
mktextfm Arial
mktextfm Arial
mktextfm Arial
mktextfm Arial
mktextfm Arial
mktextfm Arial
mktextfm Arial
mktextfm Arial
mktextfm Arial
mktextfm Arial
mktextfm Arial
mktextfm Arial
mktextfm Arial
mktextfm Arial
mktextfm Arial
mktextfm TimesNewRoman
mktextfm TimesNewRoman
mktextfm TimesNewRoman
mktextfm TimesNewRoman/BI
mktextfm TimesNewRoman
mktextfm TimesNewRoman/B
mktextfm TimesNewRoman
mktextfm TimesNewRoman/I
mktextfm TimesNewRoman
mktextfm TimesNewRoman
mktextfm TimesNewRoman
mktextfm Arial
mktextfm TimesNewRoman
mktextfm TimesNewRoman
mktextfm TimesNewRoman
mktextfm TimesNewRoman
mktextfm TimesNewRoman
mktextfm TimesNewRoman
mktextfm TimesNewRoman
mktextfm TimesNewRoman
mktextfm TimesNewRoman
mktextfm TimesNewRoman
mktextfm TimesNewRoman
mktextfm TimesNewRoman
mktextfm TimesNewRoman
mktextfm TimesNewRoman
mktextfm TimesNewRoman
mktextfm arial
mktextfm arial
mktextfm arial
mktextfm arial/BI
mktextfm arial
mktextfm arial/B
mktextfm arial
mktextfm arial/I
mktextfm arial
mktextfm arial
mktextfm arial
mktextfm Arial
mktextfm arial
mktextfm arial
mktextfm arial
mktextfm arial
mktextfm arial
mktextfm arial
mktextfm arial
mktextfm arial
mktextfm arial
mktextfm arial
mktextfm arial
mktextfm arial
mktextfm arial
mktextfm arial
mktextfm arial
mktextfm TimesNewRoman
mktextfm TimesNewRoman
mktextfm TimesNewRoman
mktextfm TimesNewRoman/BI
mktextfm TimesNewRoman
mktextfm TimesNewRoman/B
mktextfm TimesNewRoman
mktextfm TimesNewRoman/I
mktextfm TimesNewRoman
mktextfm TimesNewRoman
mktextfm TimesNewRoman
mktextfm Arial
mktextfm TimesNewRoman
mktextfm TimesNewRoman
mktextfm TimesNewRoman
mktextfm TimesNewRoman
mktextfm TimesNewRoman
mktextfm TimesNewRoman
mktextfm TimesNewRoman
mktextfm TimesNewRoman
mktextfm TimesNewRoman
mktextfm TimesNewRoman
mktextfm TimesNewRoman
mktextfm TimesNewRoman
mktextfm TimesNewRoman
mktextfm TimesNewRoman
mktextfm TimesNewRoman
mktextfm Arial
mktextfm Arial
mktextfm Arial
mktextfm Arial
mktextfm Arial
mktextfm Arial
mktextfm Arial
mktextfm Arial
mktextfm Arial
mktextfm Arial
mktextfm Arial
mktextfm Arial
mktextfm Arial
mktextfm Arial
mktextfm Arial
mktextfm Arial
mktextfm Arial
mktextfm Arial
mktextfm Arial
mktextfm Arial
mktextfm Arial
mktextfm Arial
mktextfm Arial
mktextfm Arial
mktextfm Arial
mktextfm Arial
mktextfm Arial
mktextfm Arial
mktextfm Arial
mktextfm Arial
mktextfm Arial
mktextfm Arial
mktextfm Arial
mktextfm Arial
mktextfm Arial
mktextfm Arial
mktextfm Arial
mktextfm Arial
mktextfm Arial
mktextfm Arial
mktextfm Arial
mktextfm Arial
mktextfm Arial
mktextfm Arial
mktextfm Arial
mktextfm Arial
mktextfm Arial
mktextfm Arial
mktextfm Arial
mktextfm Arial
mktextfm Arial
mktextfm Arial
mktextfm Arial
mktextfm Arial
mktextfm Arial
mktextfm Arial
mktextfm Arial
mktextfm Arial
mktextfm Arial
mktextfm Arial
mktextfm Arial
mktextfm Arial
mktextfm Arial
mktextfm Arial
mktextfm Arial
mktextfm Arial
mktextfm Arial
mktextfm Arial
mktextfm Arial
mktextfm Arial
mktextfm Arial
mktextfm Arial
mktextfm Arial
mktextfm Arial
mktextfm Arial
mktextfm Arial
mktextfm Arial
mktextfm Arial
mktextfm Arial
mktextfm Arial
mktextfm Arial
mktextfm Arial
mktextfm Arial
mktextfm Arial
