This is XeTeX, Version 3.141592653-2.6-0.999993 (TeX Live 2022/dev/Debian) (preloaded format=xelatex 2024.3.15)  18 JUN 2024 15:46
entering extended mode
 restricted \write18 enabled.
 %&-line parsing enabled.
**thesis.tex
(./thesis.tex
LaTeX2e <2021-11-15> patch level 1
L3 programming layer <2022-01-21> (./ioniothesis.cls

LaTeX Warning: You have requested document class `ioniothesis',
               but the document class provides `book'.

Document Class: book 2001/04/21 v1.4e Standard LaTeX document class
(/usr/share/texlive/texmf-dist/tex/latex/base/bk11.clo
File: bk11.clo 2021/10/04 v1.4n Standard LaTeX file (size option)
)
\c@part=\count181
\c@chapter=\count182
\c@section=\count183
\c@subsection=\count184
\c@subsubsection=\count185
\c@paragraph=\count186
\c@subparagraph=\count187
\c@figure=\count188
\c@table=\count189
\abovecaptionskip=\skip47
\belowcaptionskip=\skip48
\bibindent=\dimen138
)
(/usr/share/texlive/texmf-dist/tex/latex/graphics/graphicx.sty
Package: graphicx 2021/09/16 v1.2d Enhanced LaTeX Graphics (DPC,SPQR)

(/usr/share/texlive/texmf-dist/tex/latex/graphics/keyval.sty
Package: keyval 2014/10/28 v1.15 key=value parser (DPC)
\KV@toks@=\toks16
)
(/usr/share/texlive/texmf-dist/tex/latex/graphics/graphics.sty
Package: graphics 2021/03/04 v1.4d Standard LaTeX Graphics (DPC,SPQR)

(/usr/share/texlive/texmf-dist/tex/latex/graphics/trig.sty
Package: trig 2021/08/11 v1.11 sin cos tan (DPC)
)
(/usr/share/texlive/texmf-dist/tex/latex/graphics-cfg/graphics.cfg
File: graphics.cfg 2016/06/04 v1.11 sample graphics configuration
)
Package graphics Info: Driver file: dvips.def on input line 107.

(/usr/share/texlive/texmf-dist/tex/latex/graphics-def/dvips.def
File: dvips.def 2017/06/20 v3.1d Graphics/color driver for dvips
))
\Gin@req@height=\dimen139
\Gin@req@width=\dimen140
)
(/usr/share/texlive/texmf-dist/tex/latex/base/makeidx.sty
Package: makeidx 2021/10/04 v1.0m Standard LaTeX package
)
(/usr/share/texlive/texmf-dist/tex/latex/polyglossia/polyglossia.sty
Package: polyglossia 2021/04/12 v1.53 Modern multilingual typesetting with XeLa
TeX and LuaLaTeX

(/usr/share/texlive/texmf-dist/tex/latex/etoolbox/etoolbox.sty
Package: etoolbox 2020/10/05 v2.5k e-TeX tools for LaTeX (JAW)
\etb@tempcnta=\count190
)
(/usr/share/texlive/texmf-dist/tex/latex/makecmds/makecmds.sty
Package: makecmds 2009/09/03 v1.0a extra command making commands
)
(/usr/share/texlive/texmf-dist/tex/latex/xkeyval/xkeyval.sty
Package: xkeyval 2020/11/20 v2.8 package option processing (HA)

(/usr/share/texlive/texmf-dist/tex/generic/xkeyval/xkeyval.tex
(/usr/share/texlive/texmf-dist/tex/generic/xkeyval/xkvutils.tex
\XKV@toks=\toks17
\XKV@tempa@toks=\toks18
)
\XKV@depth=\count191
File: xkeyval.tex 2014/12/03 v2.7a key=value parser (HA)
))
(/usr/share/texlive/texmf-dist/tex/latex/fontspec/fontspec.sty
(/usr/share/texlive/texmf-dist/tex/latex/l3packages/xparse/xparse.sty
(/usr/share/texlive/texmf-dist/tex/latex/l3kernel/expl3.sty
Package: expl3 2022-01-21 L3 programming layer (loader) 

(/usr/share/texlive/texmf-dist/tex/latex/l3backend/l3backend-xetex.def
File: l3backend-xetex.def 2022-01-12 L3 backend support: XeTeX

(|extractbb --version)
\c__kernel_sys_dvipdfmx_version_int=\count192
\l__color_backend_stack_int=\count193
\g__color_backend_stack_int=\count194
\g__graphics_track_int=\count195
\l__pdf_internal_box=\box50
\g__pdf_backend_object_int=\count196
\g__pdf_backend_annotation_int=\count197
\g__pdf_backend_link_int=\count198
))
Package: xparse 2022-01-12 L3 Experimental document command parser
)
Package: fontspec 2022/01/15 v2.8a Font selection for XeLaTeX and LuaLaTeX

(/usr/share/texlive/texmf-dist/tex/latex/fontspec/fontspec-xetex.sty
Package: fontspec-xetex 2022/01/15 v2.8a Font selection for XeLaTeX and LuaLaTe
X
\l__fontspec_script_int=\count199
\l__fontspec_language_int=\count266
\l__fontspec_strnum_int=\count267
\l__fontspec_tmp_int=\count268
\l__fontspec_tmpa_int=\count269
\l__fontspec_tmpb_int=\count270
\l__fontspec_tmpc_int=\count271
\l__fontspec_em_int=\count272
\l__fontspec_emdef_int=\count273
\l__fontspec_strong_int=\count274
\l__fontspec_strongdef_int=\count275
\l__fontspec_tmpa_dim=\dimen141
\l__fontspec_tmpb_dim=\dimen142
\l__fontspec_tmpc_dim=\dimen143

(/usr/share/texlive/texmf-dist/tex/latex/base/fontenc.sty
Package: fontenc 2021/04/29 v2.0v Standard LaTeX package
)
(/usr/share/texlive/texmf-dist/tex/latex/fontspec/fontspec.cfg)))
(/usr/share/texlive/texmf-dist/tex/generic/iftex/iftex.sty
Package: iftex 2020/03/06 v1.0d TeX engine tests
)
(/usr/share/texlive/texmf-dist/tex/latex/l3packages/l3keys2e/l3keys2e.sty
Package: l3keys2e 2022-01-12 LaTeX2e option processing using LaTeX3 keys
)

LaTeX hooks Warning: Generic hook 'file/after/tracklang.sty' is deprecated.
(hooks)              Use hook 'file/tracklang.sty/after' instead.


LaTeX hooks Warning: Generic hook 'package/after/bidi' is deprecated.
(hooks)              Use hook 'package/bidi/after' instead.


LaTeX hooks Warning: Generic hook 'package/after/luabidi' is deprecated.
(hooks)              Use hook 'package/luabidi/after' instead.

\xpg@normalclass=\XeTeXcharclass1
(/usr/share/texlive/texmf-dist/tex/latex/polyglossia/gloss-latex.ldf
File: gloss-latex.ldf polyglossia: module for default language
The property list \polyglossia@langsetup contains the pairs (without outer
braces):
>  {latex/script}  =>  {latin}
>  {latex/lcscript}  =>  {latin}
>  {latex/scripttag}  =>  {}
>  {latex/language}  =>  {Latex}
>  {latex/langtag}  =>  {ENG}
>  {latex/bcp47}  =>  {}
>  {latex/hyphennames}  =>  {english}
>  {latex/direction}  =>  {LR}
>  {latex/hyphenmins}  =>  {2,3}
>  {latex/frenchspacing}  =>  {false}
>  {latex/indentfirst}  =>  {false}
>  {latex/fontsetup}  =>  {true}
>  {latex/envname}  =>  {latex}
>  {latex/babelname}  =>  {latex}
>  {latex/localnumeral}  =>  {polyglossia@C@localnumeral}
>  {latex/Localnumeral}  =>  {polyglossia@C@localnumeral}.
)
Package polyglossia Info: Default language is latex.
)

Package fontspec Info: Font family 'Calibri(0)' created for font 'Calibri'
(fontspec)             with options [].
(fontspec)              
(fontspec)              This font family consists of the following NFSS
(fontspec)             series/shapes:
(fontspec)              
(fontspec)             - 'normal' (m/n) with NFSS spec.:
(fontspec)             <->"Calibri/OT:script=latn;language=dflt;"
(fontspec)             - 'small caps'  (m/sc) with NFSS spec.:
(fontspec)             <->"Calibri/OT:script=latn;language=dflt;+smcp;"
(fontspec)             - 'bold' (b/n) with NFSS spec.:
(fontspec)             <->"Calibri/B/OT:script=latn;language=dflt;"
(fontspec)             - 'bold small caps'  (b/sc) with NFSS spec.:
(fontspec)             <->"Calibri/B/OT:script=latn;language=dflt;+smcp;"
(fontspec)             - 'italic' (m/it) with NFSS spec.:
(fontspec)             <->"Calibri/I/OT:script=latn;language=dflt;"
(fontspec)             - 'italic small caps'  (m/scit) with NFSS spec.:
(fontspec)             <->"Calibri/I/OT:script=latn;language=dflt;+smcp;"
(fontspec)             - 'bold italic' (b/it) with NFSS spec.:
(fontspec)             <->"Calibri/BI/OT:script=latn;language=dflt;"
(fontspec)             - 'bold italic small caps'  (b/scit) with NFSS spec.:
(fontspec)             <->"Calibri/BI/OT:script=latn;language=dflt;+smcp;"


Package fontspec Info: Font family 'Calibri(1)' created for font 'Calibri'
(fontspec)             with options [Ligatures=TeX].
(fontspec)              
(fontspec)              This font family consists of the following NFSS
(fontspec)             series/shapes:
(fontspec)              
(fontspec)             - 'normal' (m/n) with NFSS spec.:
(fontspec)             <->"Calibri/OT:script=latn;language=dflt;mapping=tex-tex
t;"
(fontspec)             - 'small caps'  (m/sc) with NFSS spec.:
(fontspec)             <->"Calibri/OT:script=latn;language=dflt;+smcp;mapping=t
ex-text;"
(fontspec)             - 'bold' (b/n) with NFSS spec.:
(fontspec)             <->"Calibri/B/OT:script=latn;language=dflt;mapping=tex-t
ext;"
(fontspec)             - 'bold small caps'  (b/sc) with NFSS spec.:
(fontspec)             <->"Calibri/B/OT:script=latn;language=dflt;+smcp;mapping
=tex-text;"
(fontspec)             - 'italic' (m/it) with NFSS spec.:
(fontspec)             <->"Calibri/I/OT:script=latn;language=dflt;mapping=tex-t
ext;"
(fontspec)             - 'italic small caps'  (m/scit) with NFSS spec.:
(fontspec)             <->"Calibri/I/OT:script=latn;language=dflt;+smcp;mapping
=tex-text;"
(fontspec)             - 'bold italic' (b/it) with NFSS spec.:
(fontspec)             <->"Calibri/BI/OT:script=latn;language=dflt;mapping=tex-
text;"
(fontspec)             - 'bold italic small caps'  (b/scit) with NFSS spec.:
(fontspec)             <->"Calibri/BI/OT:script=latn;language=dflt;+smcp;mappin
g=tex-text;"


Package fontspec Info: Could not resolve font "Courier New/BI" (it probably
(fontspec)             doesn't exist).


Package fontspec Info: Could not resolve font "Courier New/B" (it probably
(fontspec)             doesn't exist).


Package fontspec Info: Could not resolve font "Courier New/I" (it probably
(fontspec)             doesn't exist).


Package fontspec Info: Font family 'CourierNew(0)' created for font 'Courier
(fontspec)             New' with options
(fontspec)             [WordSpace={1,0,0},HyphenChar=None,PunctuationSpace=Word
Space].
(fontspec)              
(fontspec)              This font family consists of the following NFSS
(fontspec)             series/shapes:
(fontspec)              
(fontspec)             - 'normal' (m/n) with NFSS spec.: <->"Courier
(fontspec)             New/OT:language=dflt;"
(fontspec)             - 'small caps'  (m/sc) with NFSS spec.: 
(fontspec)             and font adjustment code:
(fontspec)             \fontdimen 2\font =1\fontdimen 2\font \fontdimen 3\font
(fontspec)             =0\fontdimen 3\font \fontdimen 4\font =0\fontdimen
(fontspec)             4\font \fontdimen 7\font =0\fontdimen 2\font
(fontspec)             \tex_hyphenchar:D \font =-1\scan_stop: 


(/usr/share/texlive/texmf-dist/tex/latex/amsfonts/amssymb.sty
Package: amssymb 2013/01/14 v3.01 AMS font symbols

(/usr/share/texlive/texmf-dist/tex/latex/amsfonts/amsfonts.sty
Package: amsfonts 2013/01/14 v3.01 Basic AMSFonts support
\@emptytoks=\toks19
\symAMSa=\mathgroup4
\symAMSb=\mathgroup5
LaTeX Font Info:    Redeclaring math symbol \hbar on input line 98.
LaTeX Font Info:    Overwriting math alphabet `\mathfrak' in version `bold'
(Font)                  U/euf/m/n --> U/euf/b/n on input line 106.
))
(/usr/share/texlive/texmf-dist/tex/latex/graphics/color.sty
Package: color 2021/12/07 v1.3c Standard LaTeX Color (DPC)

(/usr/share/texlive/texmf-dist/tex/latex/graphics-cfg/color.cfg
File: color.cfg 2016/01/02 v1.6 sample color configuration
)
Package color Info: Driver file: xetex.def on input line 149.

(/usr/share/texlive/texmf-dist/tex/latex/graphics-def/xetex.def
File: xetex.def 2021/03/18 v5.0k Graphics/color driver for xetex
))
(./ioniostyle.sty) (/usr/share/texlive/texmf-dist/tex/latex/xcolor/xcolor.sty
Package: xcolor 2021/10/31 v2.13 LaTeX color extensions (UK)

(/usr/share/texlive/texmf-dist/tex/latex/graphics-cfg/color.cfg
File: color.cfg 2016/01/02 v1.6 sample color configuration
)
Package xcolor Info: Driver file: xetex.def on input line 227.
LaTeX Info: Redefining \color on input line 711.
Package xcolor Info: Model `cmy' substituted by `cmy0' on input line 1352.
Package xcolor Info: Model `RGB' extended on input line 1368.
Package xcolor Info: Model `HTML' substituted by `rgb' on input line 1370.
Package xcolor Info: Model `Hsb' substituted by `hsb' on input line 1371.
Package xcolor Info: Model `tHsb' substituted by `hsb' on input line 1372.
Package xcolor Info: Model `HSB' substituted by `hsb' on input line 1373.
Package xcolor Info: Model `Gray' substituted by `gray' on input line 1374.
Package xcolor Info: Model `wave' substituted by `hsb' on input line 1375.
)
(/usr/share/texlive/texmf-dist/tex/latex/listings/listings.sty
\lst@mode=\count276
\lst@gtempboxa=\box51
\lst@token=\toks20
\lst@length=\count277
\lst@currlwidth=\dimen144
\lst@column=\count278
\lst@pos=\count279
\lst@lostspace=\dimen145
\lst@width=\dimen146
\lst@newlines=\count280
\lst@lineno=\count281
\lst@maxwidth=\dimen147

(/usr/share/texlive/texmf-dist/tex/latex/listings/lstmisc.sty
File: lstmisc.sty 2020/03/24 1.8d (Carsten Heinz)
\c@lstnumber=\count282
\lst@skipnumbers=\count283
\lst@framebox=\box52
)
(/usr/share/texlive/texmf-dist/tex/latex/listings/listings.cfg
File: listings.cfg 2020/03/24 1.8d listings configuration
))
Package: listings 2020/03/24 1.8d (Carsten Heinz)

(/usr/share/texlive/texmf-dist/tex/latex/enumitem/enumitem.sty
Package: enumitem 2019/06/20 v3.9 Customized lists
\labelindent=\skip49
\enit@outerparindent=\dimen148
\enit@toks=\toks21
\enit@inbox=\box53
\enit@count@id=\count284
\enitdp@description=\count285
)
(/usr/share/texlive/texmf-dist/tex/latex/datetime2/datetime2.sty
Package: datetime2 2021/03/21 v1.5.7 (NLCT) date and time formats

(/usr/share/texlive/texmf-dist/tex/latex/tracklang/tracklang.sty
Package: tracklang 2020/06/30 v1.5 (NLCT) Track Languages

(/usr/share/texlive/texmf-dist/tex/generic/tracklang/tracklang.tex)))
(/usr/share/texlive/texmf-dist/tex/latex/float/float.sty
Package: float 2001/11/08 v1.3d Float enhancements (AL)
\c@float@type=\count286
\float@exts=\toks22
\float@box=\box54
\@float@everytoks=\toks23
\@floatcapt=\box55
)

Package datetime2 Warning: Region `greek' has ignored 
(datetime2)                the following settings:
(datetime2)                ord=raise,monthyearsep={ }
 on input line 27.

(/usr/share/texlive/texmf-dist/tex/latex/polyglossia/gloss-greek.ldf
File: gloss-greek.ldf polyglossia: module for greek
The property list \polyglossia@langsetup contains the pairs (without outer
braces):
>  {latex/script}  =>  {latin}
>  {latex/lcscript}  =>  {latin}
>  {latex/scripttag}  =>  {}
>  {latex/language}  =>  {Latex}
>  {latex/langtag}  =>  {ENG}
>  {latex/bcp47}  =>  {}
>  {latex/hyphennames}  =>  {english}
>  {latex/direction}  =>  {LR}
>  {latex/hyphenmins}  =>  {2,3}
>  {latex/frenchspacing}  =>  {false}
>  {latex/indentfirst}  =>  {false}
>  {latex/fontsetup}  =>  {true}
>  {latex/envname}  =>  {latex}
>  {latex/babelname}  =>  {latex}
>  {latex/localnumeral}  =>  {polyglossia@C@localnumeral}
>  {latex/Localnumeral}  =>  {polyglossia@C@localnumeral}
>  {greek/script}  =>  {Greek}
>  {greek/lcscript}  =>  {greek}
>  {greek/scripttag}  =>  {grek}
>  {greek/language}  =>  {Greek}
>  {greek/langtag}  =>  {ELL}
>  {greek/bcp47}  =>  {el-monoton}
>  {greek/hyphennames}  =>  {}
>  {greek/direction}  =>  {LR}
>  {greek/hyphenmins}  =>  {2,3}
>  {greek/frenchspacing}  =>  {true}
>  {greek/indentfirst}  =>  {true}
>  {greek/fontsetup}  =>  {true}
>  {greek/envname}  =>  {greek}
>  {greek/babelname}  =>  {greek}
>  {greek/localnumeral}  =>  {greeknumerals}
>  {greek/Localnumeral}  =>  {Greeknumerals}.


Package polyglossia Warning: No hyphenation patterns were loaded for `greek'
(polyglossia)                I will use \language=\l@nohyphenation instead on i
nput line 14.

\l@greek = a dialect from \language\l@nohyphenation 
(/usr/share/texlive/texmf-dist/tex/latex/polyglossia/xgreek-fixes.def)

Package polyglossia Warning: No hyphenation patterns were loaded for `greek'
(polyglossia)                I will use \language=\l@nohyphenation instead on i
nput line 97.

\l@greek = a dialect from \language\l@nohyphenation 

Package polyglossia Warning: No hyphenation patterns were loaded for Monotonic 
Greek
(polyglossia)                I will use the patterns loaded for \l@greek instea
d on input line 97.

\l@monogreek = a dialect from \language\l@greek 
Package polyglossia Info: Option: Monotonic Greek.
\@attic@num=\count287
)
Package polyglossia Info: Default language is greek.
\@indexfile=\write3
\openout3 = `thesis.idx'.


Writing index file thesis.idx
\c@theo=\count288
\c@define=\count289
\c@collary=\count290
\c@algorithm=\count291
\c@example=\count292
(./drop.sty) (./thesis.aux)
\openout1 = `thesis.aux'.

LaTeX Font Info:    Checking defaults for OML/cmm/m/it on input line 70.
LaTeX Font Info:    ... okay on input line 70.
LaTeX Font Info:    Checking defaults for OMS/cmsy/m/n on input line 70.
LaTeX Font Info:    ... okay on input line 70.
LaTeX Font Info:    Checking defaults for OT1/cmr/m/n on input line 70.
LaTeX Font Info:    ... okay on input line 70.
LaTeX Font Info:    Checking defaults for T1/cmr/m/n on input line 70.
LaTeX Font Info:    ... okay on input line 70.
LaTeX Font Info:    Checking defaults for TS1/cmr/m/n on input line 70.
LaTeX Font Info:    Trying to load font information for TS1+cmr on input line 7
0.

(/usr/share/texlive/texmf-dist/tex/latex/base/ts1cmr.fd
File: ts1cmr.fd 2019/12/16 v2.5j Standard LaTeX font definitions
)
LaTeX Font Info:    ... okay on input line 70.
LaTeX Font Info:    Checking defaults for TU/lmr/m/n on input line 70.
LaTeX Font Info:    ... okay on input line 70.
LaTeX Font Info:    Checking defaults for OMX/cmex/m/n on input line 70.
LaTeX Font Info:    ... okay on input line 70.
LaTeX Font Info:    Checking defaults for U/cmr/m/n on input line 70.
LaTeX Font Info:    ... okay on input line 70.

Package fontspec Info: Adjusting the maths setup (use [no-math] to avoid
(fontspec)             this).

\symlegacymaths=\mathgroup6
LaTeX Font Info:    Overwriting symbol font `legacymaths' in version `bold'
(Font)                  OT1/cmr/m/n --> OT1/cmr/bx/n on input line 70.
LaTeX Font Info:    Redeclaring math accent \acute on input line 70.
LaTeX Font Info:    Redeclaring math accent \grave on input line 70.
LaTeX Font Info:    Redeclaring math accent \ddot on input line 70.
LaTeX Font Info:    Redeclaring math accent \tilde on input line 70.
LaTeX Font Info:    Redeclaring math accent \bar on input line 70.
LaTeX Font Info:    Redeclaring math accent \breve on input line 70.
LaTeX Font Info:    Redeclaring math accent \check on input line 70.
LaTeX Font Info:    Redeclaring math accent \hat on input line 70.
LaTeX Font Info:    Redeclaring math accent \dot on input line 70.
LaTeX Font Info:    Redeclaring math accent \mathring on input line 70.
LaTeX Font Info:    Redeclaring math symbol \colon on input line 70.
LaTeX Font Info:    Redeclaring math symbol \Gamma on input line 70.
LaTeX Font Info:    Redeclaring math symbol \Delta on input line 70.
LaTeX Font Info:    Redeclaring math symbol \Theta on input line 70.
LaTeX Font Info:    Redeclaring math symbol \Lambda on input line 70.
LaTeX Font Info:    Redeclaring math symbol \Xi on input line 70.
LaTeX Font Info:    Redeclaring math symbol \Pi on input line 70.
LaTeX Font Info:    Redeclaring math symbol \Sigma on input line 70.
LaTeX Font Info:    Redeclaring math symbol \Upsilon on input line 70.
LaTeX Font Info:    Redeclaring math symbol \Phi on input line 70.
LaTeX Font Info:    Redeclaring math symbol \Psi on input line 70.
LaTeX Font Info:    Redeclaring math symbol \Omega on input line 70.
LaTeX Font Info:    Redeclaring math symbol \mathdollar on input line 70.
LaTeX Font Info:    Redeclaring symbol font `operators' on input line 70.
LaTeX Font Info:    Encoding `OT1' has changed to `TU' for symbol font
(Font)              `operators' in the math version `normal' on input line 70.
LaTeX Font Info:    Overwriting symbol font `operators' in version `normal'
(Font)                  OT1/cmr/m/n --> TU/Calibri(1)/m/n on input line 70.
LaTeX Font Info:    Encoding `OT1' has changed to `TU' for symbol font
(Font)              `operators' in the math version `bold' on input line 70.
LaTeX Font Info:    Overwriting symbol font `operators' in version `bold'
(Font)                  OT1/cmr/bx/n --> TU/Calibri(1)/m/n on input line 70.
LaTeX Font Info:    Overwriting symbol font `operators' in version `normal'
(Font)                  TU/Calibri(1)/m/n --> TU/Calibri(1)/m/n on input line 7
0.
LaTeX Font Info:    Overwriting math alphabet `\mathit' in version `normal'
(Font)                  OT1/cmr/m/it --> TU/Calibri(1)/m/it on input line 70.
LaTeX Font Info:    Overwriting math alphabet `\mathbf' in version `normal'
(Font)                  OT1/cmr/bx/n --> TU/Calibri(1)/b/n on input line 70.
LaTeX Font Info:    Overwriting math alphabet `\mathsf' in version `normal'
(Font)                  OT1/cmss/m/n --> TU/lmss/m/n on input line 70.
LaTeX Font Info:    Overwriting math alphabet `\mathtt' in version `normal'
(Font)                  OT1/cmtt/m/n --> TU/CourierNew(0)/m/n on input line 70.

LaTeX Font Info:    Overwriting symbol font `operators' in version `bold'
(Font)                  TU/Calibri(1)/m/n --> TU/Calibri(1)/b/n on input line 7
0.
LaTeX Font Info:    Overwriting math alphabet `\mathit' in version `bold'
(Font)                  OT1/cmr/bx/it --> TU/Calibri(1)/b/it on input line 70.
LaTeX Font Info:    Overwriting math alphabet `\mathsf' in version `bold'
(Font)                  OT1/cmss/bx/n --> TU/lmss/b/n on input line 70.
LaTeX Font Info:    Overwriting math alphabet `\mathtt' in version `bold'
(Font)                  OT1/cmtt/m/n --> TU/CourierNew(0)/b/n on input line 70.

\c@lstlisting=\count293
LaTeX Info: Redefining \rmfamily on input line 70.
LaTeX Info: Redefining \sffamily on input line 70.
LaTeX Info: Redefining \ttfamily on input line 70.
LaTeX Info: Redefining \rmfamily on input line 70.
LaTeX Info: Redefining \sffamily on input line 70.
LaTeX Info: Redefining \ttfamily on input line 70.
File: ./pdffigs/ionio_logo.pdf Graphic file (type pdf)
<use ./pdffigs/ionio_logo.pdf>
LaTeX Font Info:    Trying to load font information for U+msa on input line 92.


(/usr/share/texlive/texmf-dist/tex/latex/amsfonts/umsa.fd
File: umsa.fd 2013/01/14 v3.01 AMS symbols A
)
LaTeX Font Info:    Trying to load font information for U+msb on input line 92.


(/usr/share/texlive/texmf-dist/tex/latex/amsfonts/umsb.fd
File: umsb.fd 2013/01/14 v3.01 AMS symbols B
) [1


]
Underfull \hbox (badness 10000) in paragraph at lines 99--100

 []


Underfull \hbox (badness 10000) in paragraph at lines 104--107

 []

[1

] (./perilipsi.tex
Overfull \hbox (11.97853pt too wide) in paragraph at lines 8--39
\TU/Calibri(0)/m/n/10.95 εστιάσει η εφαρμογή. Το Qt είναι μια cross-platform βι
βλιοθήκη για ανάπτυξη εφαρμογών γραφικής
 []


Overfull \hbox (5.42172pt too wide) in paragraph at lines 8--39
\TU/Calibri(0)/m/n/10.95 κυρίως από το ποντίκι και το χειριστήριο. Το παράθυρο 
αυτό έχει 3 καρτέλες. Μία με τις εφαρμογές
 []


Overfull \hbox (1.10338pt too wide) in paragraph at lines 8--39
\TU/Calibri(0)/m/n/10.95 του χρήστη, μία με τις αγαπημένες εφαρμογές του χρήστη
 και μία με τις ρυθμίσεις της εφαρμογής
 []


Overfull \hbox (13.00688pt too wide) in paragraph at lines 8--39
\TU/Calibri(0)/m/n/10.95 εφαρμογών μέσω του πληκτρολογίου. Αυτό το παράθυρο διε
υκολύνει την εκτέλεση των εφαρμογών
 []


Overfull \hbox (36.7871pt too wide) in paragraph at lines 8--39
\TU/Calibri(0)/m/n/10.95 μέσω της συσκευής αυτής προσθέτοντας λειτουργικότητα π
εριήγησης και αντιμετωπίζοντας προβλήματα
 []


Overfull \hbox (27.02406pt too wide) in paragraph at lines 8--39
\TU/Calibri(0)/m/n/10.95 εισόδου από το χειριστήριο βιντεοπαιχνιδιών. Επιπλέον 
υπάρχουν συναρτήσεις που "προσομοιώνουν"
 []


Overfull \hbox (20.82372pt too wide) in paragraph at lines 8--39
\TU/Calibri(0)/m/n/10.95 πατήματα πλήκτρων και χρησιμεύουν στην αντιστοίχηση τω
ν πιέσεων των κουμπιών του χειριστηρίου
 []

[2

])
LaTeX Font Info:    Font shape `TU/Calibri(0)/m/sl' in size <10.95> not availab
le
(Font)              Font shape `TU/Calibri(0)/m/it' tried instead on input line
 115.
 [3] (./summary.tex) [4

] [5] (./thesis.toc
LaTeX Info: Redefining \rmfamily on input line 1.
LaTeX Info: Redefining \sffamily on input line 1.
LaTeX Info: Redefining \ttfamily on input line 1.
 [6



] [7])
\tf@toc=\write4
\openout4 = `thesis.toc'.

 [8] (./thesis.lof
LaTeX Info: Redefining \rmfamily on input line 1.
LaTeX Info: Redefining \sffamily on input line 1.
LaTeX Info: Redefining \ttfamily on input line 1.
)
\tf@lof=\write5
\openout5 = `thesis.lof'.


[9


]
Κεφάλαιο \Greeknumeral {1}.
(./intro.tex
Overfull \hbox (12.21776pt too wide) in paragraph at lines 5--25
 []\TU/Calibri(0)/m/n/10.95 ίναι πλέον σίγουρο πως η χρήση ενός προσωπικού υπολ
ογιστή γίνεται μέσω του πληκτρολογίου
 []


Overfull \hbox (18.22523pt too wide) in paragraph at lines 5--25
\TU/Calibri(0)/m/n/10.95 και περισσότερων πολυμεσικών εφαρμογών στο περιβάλλον 
του Η/Υ, ήταν αναπόφευκτη η μετάβαση
 []


Overfull \hbox (8.08792pt too wide) in paragraph at lines 5--25
\TU/Calibri(0)/m/n/10.95 ιδιοκτήτη. Αναγνωρίζοντας την αλλαγή αυτή και το γεγον
ός πως παραμένουν περιθώρια βελτίωσης
 []


Overfull \hbox (13.30453pt too wide) in paragraph at lines 5--25
\TU/Calibri(0)/m/n/10.95 το πρόγραμμα που αναπτύχθηκε έχει ως στόχο την εκτέλεσ
η εφαρμογών ανεξαρτήτως της συσκευής
 []


Overfull \hbox (1.85014pt too wide) in paragraph at lines 5--25
\TU/Calibri(0)/m/n/10.95 αλλά και την υλοποίηση νέων διαδικασιών εκτέλεσης εφαρ
μογών από προϋπάρχουσες συσκευές,
 []

) [1



]
Κεφάλαιο \Greeknumeral {2}.
(./qt6.tex
Overfull \hbox (2.45073pt too wide) in paragraph at lines 8--17
\TU/Calibri(0)/m/n/10.95 αποτελεσματικά και αξιόπιστα, υποστηρίζοντας μια πληθώ
ρα συστημάτων όπως Windows, Linux,
 []


Overfull \hbox (16.7121pt too wide) in paragraph at lines 21--27
\TU/Calibri(0)/m/n/10.95 της γραφικής διεπαφής για τις λειτουργίες του προγράμμ
ατος. Παρακάτω βλέπουμε ένα παράδειγμα
 []

(/usr/share/texlive/texmf-dist/tex/latex/listings/lstlang1.sty
File: lstlang1.sty 2020/03/24 1.8d listings language file
)
(/usr/share/texlive/texmf-dist/tex/latex/listings/lstlang1.sty
File: lstlang1.sty 2020/03/24 1.8d listings language file
)
(/usr/share/texlive/texmf-dist/tex/latex/listings/lstmisc.sty
File: lstmisc.sty 2020/03/24 1.8d (Carsten Heinz)
) [2

]
Missing character: There is no ␣ (U+2423) in font Calibri/OT:script=latn;langua
ge=dflt;!
Missing character: There is no ␣ (U+2423) in font Calibri/OT:script=latn;langua
ge=dflt;!
Missing character: There is no ␣ (U+2423) in font Calibri/OT:script=latn;langua
ge=dflt;!
File: ./images/simple_qt6_app.png Graphic file (type bmp)
<./images/simple_qt6_app.png>
[3]
Overfull \hbox (22.45717pt too wide) in paragraph at lines 65--68
[]\TU/Calibri(0)/m/n/10.95 Η κλάση MyWidget κληρονομεί την κλάση QWidget. Το πα
ράθυρο το οποίο δημιουργείται εμφανίζεται
 []


Overfull \hbox (12.5506pt too wide) in paragraph at lines 71--78
\TU/Calibri(0)/m/n/10.95 προγραμματισμού: int, bool, float και string. Επιπλέον
 υπάρχουν στοιχεία με τα οποία εξυπηρετείται
 []


Overfull \hbox (5.86905pt too wide) in paragraph at lines 71--78
\TU/Calibri(0)/m/n/10.95 αποτελεσματικότερα ο σκοπός του προγράμματος, είτε λόγ
ω ευκολίας είτε για λόγους κατανόησης
 []

[4]
Missing character: There is no ␣ (U+2423) in font Calibri/OT:script=latn;langua
ge=dflt;!
Missing character: There is no ␣ (U+2423) in font Calibri/OT:script=latn;langua
ge=dflt;!
Missing character: There is no ␣ (U+2423) in font Calibri/OT:script=latn;langua
ge=dflt;!
Missing character: There is no ␣ (U+2423) in font Calibri/OT:script=latn;langua
ge=dflt;!
Missing character: There is no ␣ (U+2423) in font Calibri/OT:script=latn;langua
ge=dflt;!
File: ./images/QPushButton.png Graphic file (type bmp)
<./images/QPushButton.png>
[5]
Overfull \hbox (18.61197pt too wide) in paragraph at lines 126--137
\TU/Calibri(0)/m/n/10.95 QHBoxLayout θα χρησιμοποιηθεί για στοιχεία που πρόκειτ
αι να τοποθετηθούν οριζόντια (horizontal).
 []

[6]
Missing character: There is no ␣ (U+2423) in font Calibri/OT:script=latn;langua
ge=dflt;!
Missing character: There is no ␣ (U+2423) in font Calibri/OT:script=latn;langua
ge=dflt;!
Missing character: There is no ␣ (U+2423) in font Calibri/OT:script=latn;langua
ge=dflt;!
Missing character: There is no ␣ (U+2423) in font Calibri/OT:script=latn;langua
ge=dflt;!
File: ./images/QVBoxLayout.png Graphic file (type bmp)
<./images/QVBoxLayout.png>

Overfull \hbox (2.55057pt too wide) in paragraph at lines 163--165
[]\TU/Calibri(0)/m/n/10.95 Κάθε στοιχείο τύπου QWidget προστίθεται πάνω στο lay
out με την κλήση της μεθόδου \TU/Calibri(0)/b/n/10.95 addWidget
 []

[7]
Missing character: There is no ␣ (U+2423) in font Calibri/OT:script=latn;langua
ge=dflt;!
Missing character: There is no ␣ (U+2423) in font Calibri/OT:script=latn;langua
ge=dflt;!
Missing character: There is no ␣ (U+2423) in font Calibri/OT:script=latn;langua
ge=dflt;!
Missing character: There is no ␣ (U+2423) in font Calibri/OT:script=latn;langua
ge=dflt;!
Missing character: There is no ␣ (U+2423) in font Calibri/OT:script=latn;langua
ge=dflt;!
Missing character: There is no ␣ (U+2423) in font Calibri/OT:script=latn;langua
ge=dflt;!
Missing character: There is no ␣ (U+2423) in font Calibri/OT:script=latn;langua
ge=dflt;!
Missing character: There is no ␣ (U+2423) in font Calibri/OT:script=latn;langua
ge=dflt;!
File: ./images/QListWidget.png Graphic file (type bmp)
<./images/QListWidget.png>
[8]
Overfull \hbox (9.09485pt too wide) in paragraph at lines 207--212
[]\TU/Calibri(0)/m/n/10.95 Το διάβασμα αρχείων από ένα directory γίνεται μέσω τ
ης QDir[8] κλάσης στην οποία αρχικοποιείται
 []

Missing character: There is no ␣ (U+2423) in font Calibri/OT:script=latn;langua
ge=dflt;!
Missing character: There is no ␣ (U+2423) in font Calibri/OT:script=latn;langua
ge=dflt;!
Missing character: There is no ␣ (U+2423) in font Calibri/OT:script=latn;langua
ge=dflt;!
[9]
Overfull \hbox (43.01344pt too wide) in paragraph at lines 229--231
[][][][][][][][][][][][][][][][][][][][][][][][][][][][][][][][][][][][][][][][
][][][][][][][][][][][][][][][][][][][][][][][][][] 
 []

File: ./images/QDir_file_reading.png Graphic file (type bmp)
<./images/QDir_file_reading.png>

Overfull \hbox (38.5836pt too wide) in paragraph at lines 249--254
\TU/Calibri(0)/m/n/10.95 στον χρήστη να πληκτρολογήσει δεδομένα εισόδου για την
 εκτέλεση μιας λειτουργίας του προγράμματος.
 []

[10]
Missing character: There is no ␣ (U+2423) in font Calibri/OT:script=latn;langua
ge=dflt;!
Missing character: There is no ␣ (U+2423) in font Calibri/OT:script=latn;langua
ge=dflt;!
Missing character: There is no ␣ (U+2423) in font Calibri/OT:script=latn;langua
ge=dflt;!
Missing character: There is no ␣ (U+2423) in font Calibri/OT:script=latn;langua
ge=dflt;!
Missing character: There is no ␣ (U+2423) in font Calibri/OT:script=latn;langua
ge=dflt;!
Missing character: There is no ␣ (U+2423) in font Calibri/OT:script=latn;langua
ge=dflt;!
File: ./images/QLineEdit.png Graphic file (type bmp)
<./images/QLineEdit.png>
[11]
Overfull \hbox (7.6085pt too wide) in paragraph at lines 310--314
\TU/Calibri(0)/m/n/10.95 γραφούν οι μεταβλητές του προγράμματος. Στο τέλος τερμ
ατίζει με το όνομα της ομάδας καλώντας
 []


Overfull \hbox (18.79907pt too wide) in paragraph at lines 316--322
\TU/Calibri(0)/m/n/10.95 διευκόλυνση του χρήστη κατά την περιήγησή του εφόσον ε
ίναι πολύ πιο αποτελεσματική η συσχέτιση
 []

[12]
Overfull \hbox (345.41652pt too wide) in paragraph at lines 330--331
[][][][][][][][][][][][][][][][][][][][][][][][][][][][][][][][][][][][][][][][
][][][][][][] 
 []


Overfull \hbox (556.01866pt too wide) in paragraph at lines 332--333
[][][][][][][][][][][][][][][][][][][][][][][][][][][][][][][][][][][][][][][][
] 
 []


Overfull \hbox (8.5816pt too wide) in paragraph at lines 346--355
[]\TU/Calibri(0)/m/n/10.95 Επειδή η εφαρμογή στην οποία αναφέρεται το παρόν κεί
μενο προορίζεται για χρήση σε συστήματα
 []


Overfull \hbox (30.23306pt too wide) in paragraph at lines 346--355
\TU/Calibri(0)/m/n/10.95 τύπου SHFILEINFO πάνω στο οποίο θα αποθηκευτούν τα δεδ
ομένα του αρχείου, συμπεριλαμβανομένου
 []


Overfull \hbox (3.16899pt too wide) in paragraph at lines 346--355
\TU/Calibri(0)/m/n/10.95 και του εικονιδίου. Στη συνέχεια γίνεται έλεγχος για τ
ην ανάκτηση του εικονιδίου από το σύστημα.
 []


Overfull \hbox (11.20145pt too wide) in paragraph at lines 359--366
[]\TU/Calibri(0)/m/n/10.95 Συχνά οι χρήστες βρίσκουν χρήσιμη την υποβοήθησή του
ς από τη γραφική διεπαφή στην περιήγησή
 []


Overfull \hbox (3.91394pt too wide) in paragraph at lines 359--366
\TU/Calibri(0)/m/n/10.95 τους στο εκάστοτε πρόγραμμα. Μια τέτοια βοήθεια μπορεί
 να παρασχεθεί επίσης κατά την είσοδο
 []


Overfull \hbox (29.26967pt too wide) in paragraph at lines 359--366
\TU/Calibri(0)/m/n/10.95 Στο Qt αυτή η λειτουργία υλοποιείται με ένα αντικείμεν
ο QCompleter[13] που ουσιαστικά συμπληρώνει
 []

[13]
Overfull \hbox (10.06082pt too wide) in paragraph at lines 382--392
\TU/Calibri(0)/m/n/10.95 επανάληψη του προγράμματος ώστε να γίνει εφικτή η υλοπ
οίηση ορισμένων λειτουργιών. Ευτυχώς
 []


Overfull \hbox (11.0963pt too wide) in paragraph at lines 382--392
\TU/Calibri(0)/m/n/10.95 οι περισσότερες βιβλιοθήκες, όπως και το Qt, διαθέτουν
 αντικείμενα που επιτρέπουν την προσθήκη
 []


Overfull \hbox (3.68048pt too wide) in paragraph at lines 382--392
\TU/Calibri(0)/m/n/10.95 κώδικα που εκτελείται σε τακτά χρονικά διαστήματα τα ο
ποία ορίζονται από τον προγραμματιστή.
 []

) [14]
Κεφάλαιο \Greeknumeral {3}.
(./xinput.tex
Overfull \hbox (16.1115pt too wide) in paragraph at lines 6--13
\TU/Calibri(0)/m/n/10.95 βιντεοπαιχνιδιών κατασκευασμένες από την Microsoft. Οι
 συγκεκριμένες συσκευές είναι χειριστήρια
 []


Overfull \hbox (2.41605pt too wide) in paragraph at lines 16--21
\TU/Calibri(0)/m/n/10.95 Η κλάση περιλαμβάνει δεδομένα που αφορούν καταστάσεις 
του χειριστηρίου, μεθόδους σχετικές
 []


Overfull \hbox (5.88152pt too wide) in paragraph at lines 16--21
\TU/Calibri(0)/m/n/10.95 με τον έλεγχο καταστάσεων των κουμπιών του αλλά και με
θόδους που ελέγχουν τη συνδεσιμότητα
 []

[15

]) [16]
Κεφάλαιο \Greeknumeral {4}.
(./application.tex
Overfull \hbox (48.93475pt too wide) in paragraph at lines 13--25
\TU/Calibri(0)/m/n/10.95 συσκευές τις οποίες υποστηρίζει: το ποντίκι, το πληκτρ
ολόγιο και το χειριστήριο κονσόλας βιντεοπαιχνιδιών.
 []


Overfull \hbox (9.45845pt too wide) in paragraph at lines 13--25
\TU/Calibri(0)/m/n/10.95 στο πρόγραμμα ξεκινώντας με την προσθήκη διευθύνσεων π
ου περιλαμβάνουν εκτελέσιμα αρχεία.
 []


Overfull \hbox (21.28708pt too wide) in paragraph at lines 13--25
\TU/Calibri(0)/m/n/10.95 Το πρόγραμμα λειτουργεί από την αρχή για όλες τις συσκ
ευές και ο χρήστης μπορεί να χρησιμοποιήσει
 []


Overfull \hbox (34.9229pt too wide) in paragraph at lines 29--43
\TU/Calibri(0)/m/n/10.95 υλοποιούν την προβλεπόμενη από τον τελικό χρήστη λειτο
υργικότητα της εφαρμογής. Πιο συγκεκριμένα,
 []


Overfull \hbox (8.1396pt too wide) in paragraph at lines 29--43
\TU/Calibri(0)/m/n/10.95 οι οποίες στην συνέχεια προστίθενται στο κεντρικό QTab
Widget που αποτελεί κομμάτι του βασικού
 []

[17

]
Overfull \hbox (16.36104pt too wide) in paragraph at lines 57--81
[]\TU/Calibri(0)/m/n/10.95 Στην καρτέλα με τις ρυθμίσεις βρίσκονται όλες οι λει
τουργίες οι οποίες προσαρμόζουν το πρόγραμμα
 []


Overfull \hbox (34.79637pt too wide) in paragraph at lines 57--81
\TU/Calibri(0)/m/n/10.95 χρήστης για την εύρεση εφαρμογών από το πρόγραμμα αλλά
 και εγγραφές με διευθύνσεις μεμονωμένων
 []


Overfull \hbox (5.76213pt too wide) in paragraph at lines 57--81
\TU/Calibri(0)/m/n/10.95 combo box μέσω του οποίου μπορεί να μεταβεί σε διαφορε
τικό προφίλ. Είναι εφικτή η δημιουργία
 []


Overfull \hbox (6.79495pt too wide) in paragraph at lines 57--81
\TU/Calibri(0)/m/n/10.95 input field που υπάρχει στην συνέχεια. Η επιθυμία αφαί
ρεσης ενός προφίλ μπορεί να ικανοποιηθεί
 []

[18]
File: ./images/tab_settings.png Graphic file (type bmp)
<./images/tab_settings.png>

Overfull \hbox (2.94618pt too wide) in paragraph at lines 93--108
\TU/Calibri(0)/m/n/10.95 ένα input field. Όπως υποδηλώνεται στο placeholder κεί
μενο του input field, σκοπός του στοιχείου
 []


Overfull \hbox (6.25401pt too wide) in paragraph at lines 93--108
\TU/Calibri(0)/m/n/10.95 πάνω στο πλαίσιο εφαρμογών εμφανίζεται ένα custom cont
ext menu μέσα από το οποίο ο χρήστης
 []

[19]
File: ./images/tab_applications.png Graphic file (type bmp)
<./images/tab_applications.png>
 [20]
File: ./images/tab_favorites.png Graphic file (type bmp)
<./images/tab_favorites.png>
 [21]
Overfull \hbox (18.05415pt too wide) in paragraph at lines 133--142
\TU/Calibri(0)/m/n/10.95 στον υπολογιστή. Επομένως, για την εκτέλεση των εφαρμο
γών του πληκτρολογίου έχει δημιουργηθεί
 []


Overfull \hbox (7.2164pt too wide) in paragraph at lines 133--142
\TU/Calibri(0)/m/n/10.95 εμφανίζονται τα αποτελέσματα αναζήτησης και στη συνέχε
ια ο χρήστης μπορεί να χρησιμοποιήσει
 []

File: ./images/window_keyboard_search.png Graphic file (type bmp)
<./images/window_keyboard_search.png>
[22]
Overfull \hbox (3.19746pt too wide) in paragraph at lines 153--163
\TU/Calibri(0)/m/n/10.95 βιντεοπαιχνιδιών και συνήθως είναι χρήσιμο στην περιήγ
ηση συστημάτων που είναι σχεδιασμένα
 []


Overfull \hbox (5.9831pt too wide) in paragraph at lines 153--163
\TU/Calibri(0)/m/n/10.95 παρέχει κάποια μητρική υποστήριξη τέτοιου είδους συσκε
υών. Επομένως χρειάζεται να προστεθεί
 []


Overfull \hbox (26.0581pt too wide) in paragraph at lines 153--163
\TU/Calibri(0)/m/n/10.95 ως εντολές που επιτρέπουν τον χρήστη να περιηγηθεί στο
 σύστημα. Για τον σκοπό αυτόν αξιοποιούνται
 []


Overfull \hbox (1.27983pt too wide) in paragraph at lines 167--173
\TU/Calibri(0)/m/n/10.95 έχει επιπρόσθετα πλήκτρα/κουμπιά για τις λειτουργίες b
ackspace, κενό, δεξιά/αριστερά επιλογή,
 []


Overfull \hbox (23.25641pt too wide) in paragraph at lines 167--173
\TU/Calibri(0)/m/n/10.95 καθαρισμός εισόδου και αντιγραφή κειμένου εισόδου. Οι 
λειτουργίες αυτές είναι επίσης προσβάσιμες
 []


Overfull \hbox (14.77307pt too wide) in paragraph at lines 167--173
\TU/Calibri(0)/m/n/10.95 στον χρήστη μέσω του χειριστηρίου και έχουν ανατεθεί π
άνω στα κουμπιά του. Παρακάτω βλέπουμε
 []

[23]
File: ./images/virtual_keyboard.png Graphic file (type bmp)
<./images/virtual_keyboard.png>
) [24]
Κεφάλαιο \Greeknumeral {5}.
(./application_source.tex
Overfull \hbox (7.26097pt too wide) in paragraph at lines 10--17
\TU/Calibri(0)/m/n/10.95 εφαρμογής και θα αξιοποιεί τα εργαλεία της βιβλιοθήκης
 αυτής για την παραγωγή ενός αξιόπιστου
 []


Overfull \hbox (10.07156pt too wide) in paragraph at lines 20--24
[]\TU/Calibri(0)/m/n/10.95 Κάθε πρόγραμμα γραμμένο σε C++ ξεκινάει με τη συνάρτ
ηση main να αποτελεί το σημείο εκκίνησης
 []


Overfull \hbox (31.82716pt too wide) in paragraph at lines 20--24
\TU/Calibri(0)/m/n/10.95 του κώδικα για να μπορέσουμε να κατανοήσουμε καλύτερα 
την ροή και τις ενέργειες του προγράμματος. 
 []

[25

]
Missing character: There is no ␣ (U+2423) in font Calibri/OT:script=latn;langua
ge=dflt;!
Missing character: There is no ␣ (U+2423) in font Calibri/OT:script=latn;langua
ge=dflt;!
Missing character: There is no ␣ (U+2423) in font Calibri/OT:script=latn;langua
ge=dflt;!

Overfull \hbox (10.61311pt too wide) in paragraph at lines 32--33
[][][][][][][][][][][][][][][][][] 
 []


Overfull \hbox (26.81328pt too wide) in paragraph at lines 43--44
[][][][][][][][][][][][][][][][][][][][][][][][][][][][][][][][][][][][][][][][
][][][][][][][][] 
 []


Overfull \hbox (18.95056pt too wide) in paragraph at lines 52--65
\TU/Calibri(0)/m/n/10.95 εκτελέστηκε. Στην συνέχεια δημιουργείται ένα αντικείμε
νο τύπου ApplicationExplorer. Το αντικείμενο
 []


Overfull \hbox (42.04112pt too wide) in paragraph at lines 52--65
\TU/Calibri(0)/m/n/10.95 ενός ακόμη αντικειμένου. Αυτήν την φορά η κλάση QWidge
t κληρονομείται από την κλάση VirtualKeyboard
 []


Overfull \hbox (2.98541pt too wide) in paragraph at lines 52--65
\TU/Calibri(0)/m/n/10.95 δημιουργείται αντίγραφο της θέσης μνήμης του αντικειμέ
νου αυτού σε μια μεταβλητή της κλάσης
 []

[26]
Overfull \hbox (9.71153pt too wide) in paragraph at lines 70--76
[]\TU/Calibri(0)/m/n/10.95 Μια εφαρμογή που αξιοποιεί τo Qt6 περιλαμβάνει αντικ
είμενα διαφόρων τύπων ώστε να μπορέσει
 []


Overfull \hbox (8.2091pt too wide) in paragraph at lines 70--76
\TU/Calibri(0)/m/n/10.95 δημιουργείται για να φιλοξενήσει την γραφική διεπαφή τ
ης είναι ένα αντικείμενο. Στην προκειμένη
 []


Overfull \hbox (5.03317pt too wide) in paragraph at lines 82--86
\TU/Calibri(0)/m/n/10.95 διεργασία περιήγησης του χειριστηρίου βιντεοπαιχνιδιών
. Επομένως δεν θα σταθούμε περαιτέρω
 []


Overfull \hbox (97.01399pt too wide) in paragraph at lines 90--91
[][][][][][][][][][][][][][][][][][][][][][][][][][][][][][][][] 
 []


Overfull \hbox (70.01372pt too wide) in paragraph at lines 94--95
[][][][][][][][][][][][][][][][][][][][][][][][] 
 []


Overfull \hbox (28.85619pt too wide) in paragraph at lines 104--110
\TU/Calibri(0)/m/n/10.95 που διαχειρίζεται η μέθοδος αυτή είναι ανεξάρτητα από 
τη δραστηριότητα του χρήστη και φορτώνονται
 []

[27]
Overfull \hbox (3.16995pt too wide) in paragraph at lines 114--117
[]\TU/Calibri(0)/m/n/10.95 Η μέθοδος SaveAppData διαχειρίζεται τα ίδια δεδομένα
 με την LoadAppData με την μόνη διαφορά
 []


Overfull \hbox (0.50906pt too wide) in paragraph at lines 131--134
[]\TU/Calibri(0)/m/n/10.95 Η μέθοδος αυτή εκτελεί διαδικασίες που πρέπει να πρα
γματοποιηθούν κατά την έξοδο εκτέλεσης
 []

[28]
Overfull \hbox (17.8723pt too wide) in paragraph at lines 141--147
\TU/Calibri(0)/m/n/10.95 κάποια αλλαγή στη λίστα με τα directories και με κάθε 
προσθήκη ή αφαίρεση directory προσπελαύνει
 []


Overfull \hbox (5.40663pt too wide) in paragraph at lines 157--162
[]\TU/Calibri(0)/m/n/10.95 Η μέθοδος UpdateListWidget δέχεται ως είσοδο μια str
ing λίστα που περιλαμβάνει τις διευθύνσεις
 []


Overfull \hbox (37.89388pt too wide) in paragraph at lines 164--171
\TU/Calibri(0)/m/n/10.95 εφαρμογών σύμφωνα με την είσοδο της αναζήτησης, γίνετα
ι τελικά κλήση της μεθόδου UpdateListWidget
 []

[29]
Overfull \hbox (40.95488pt too wide) in paragraph at lines 190--201
[]\TU/Calibri(0)/m/n/10.95 Η μέθοδος TaskGamepadConnection είναι υπεύθυνη για τ
η διαχείριση του χειριστηρίου βιντεοπαιχνιδιών.
 []


Overfull \hbox (2.47745pt too wide) in paragraph at lines 190--201
\TU/Calibri(0)/m/n/10.95 Μιας και το Qt μας επιτρέπει να δημιουργήσουμε διαδικα
σίες που εκτελούνται ανά συγκεκριμένα
 []


Overfull \hbox (5.09912pt too wide) in paragraph at lines 190--201
\TU/Calibri(0)/m/n/10.95 χρονικά διαστήματα, η λειτουργικότητα αυτή συνδυάζεται
 με τον ορισμό ενός μηδενικού χρονικού
 []


Overfull \hbox (7.23956pt too wide) in paragraph at lines 190--201
\TU/Calibri(0)/m/n/10.95 ένα αντικείμενο τύπου XBOXController και στη συνέχεια 
εφόσον υπάρχει συνδεδεμένο χειριστήριο
 []

[30]
Overfull \hbox (24.61093pt too wide) in paragraph at lines 206--214
\TU/Calibri(0)/m/n/10.95 συσκευών εισόδου. Οι λειτουργίες αυτές δεν υλοποιούντα
ι με το Qt, επομένως έχει πάλι δημιουργηθεί
 []


Overfull \hbox (14.73738pt too wide) in paragraph at lines 206--214
\TU/Calibri(0)/m/n/10.95 εισόδου από το πληκτρολόγιο και το χειριστήριο. Το πλη
κτρολόγιο στην περίπτωση αυτή επικοινωνεί
 []


Overfull \hbox (6.876pt too wide) in paragraph at lines 217--224
\TU/Calibri(0)/m/n/10.95 γίνεται σύνδεση των στοιχείων με τις μεθόδους που τους
 αντιστοιχούν και στο τέλος δημιουργείται
 []


Overfull \hbox (20.16606pt too wide) in paragraph at lines 217--224
\TU/Calibri(0)/m/n/10.95 επίσης το παράθυρο και η γραφική διεπαφή του παραθύρου
 αναζήτησης εφαρμογών πληκτρολογίου. 
 []


Overfull \hbox (2.18341pt too wide) in paragraph at lines 228--236
\TU/Calibri(0)/m/n/10.95 εμφανίζει όταν γίνει ένα δεξί κλικ από τον χρήστη πάνω
 σε αυτό. Οι λειτουργίες που περιλαμβάνει
 []


Overfull \hbox (0.21141pt too wide) in paragraph at lines 228--236
\TU/Calibri(0)/m/n/10.95 χρήστη. Η λειτουργία αυτή προσαρμόζεται ανάλογα με την
 τρέχουσα κατάσταση μιας εφαρμογής
 []

[31]
Overfull \hbox (9.51903pt too wide) in paragraph at lines 238--242
\TU/Calibri(0)/m/n/10.95 η δημιουργία της γραφικής διεπαφής της εισαγωγικής οθό
νης στην οποία ο χρήστης καλωσορίζεται
 []


Overfull \hbox (0.91803pt too wide) in paragraph at lines 245--249
\TU/Calibri(0)/m/n/10.95 σε μία δομή επιλογής if...else if. Ανάλογα με την τιμή
 αυτή εφαρμόζεται η κατάλληλη θεματολογία
 []


Overfull \hbox (9.9691pt too wide) in paragraph at lines 245--249
\TU/Calibri(0)/m/n/10.95 για τα χρώματα της εφαρμογής. Η τιμή εισόδου προέρχετα
ι από ένα combobox που είναι διαθέσιμο
 []


Overfull \hbox (7.8429pt too wide) in paragraph at lines 258--262
[]\TU/Calibri(0)/m/n/10.95 Η κλάση VirtualKeyboard δημιουργεί το αντικείμενο το
υ εικονικού πληκτρολογίου και διαχειρίζεται
 []

[32]
Overfull \hbox (13.83835pt too wide) in paragraph at lines 272--281
[]\TU/Calibri(0)/m/n/10.95 Η μέθοδος SendKeyboardInput καλείται από το χειριστή
ριο για την εισαγωγή και αποστολή κειμένου
 []


Overfull \hbox (12.61832pt too wide) in paragraph at lines 272--281
\TU/Calibri(0)/m/n/10.95 τελευταίο ενεργό παράθυρο και στην συνέχεια να φέρνει 
στο προσκήνιο το παράθυρο του εικονικού
 []


Overfull \hbox (6.97403pt too wide) in paragraph at lines 272--281
\TU/Calibri(0)/m/n/10.95 τελειώσει και πιέσει το κουμπί "Start" του χειριστηρίο
υ, το παράθυρο του πληκτρολογίου κρύβεται
 []


Overfull \hbox (4.95834pt too wide) in paragraph at lines 272--281
\TU/Calibri(0)/m/n/10.95 και στο προσκήνιο εμφανίζεται το τελευταίο παράθυρο πο
υ κράτησε η εφαρμογή. Τέλος στέλνεται
 []


Overfull \hbox (34.90245pt too wide) in paragraph at lines 286--292
[]\TU/Calibri(0)/m/n/10.95 Η μέθοδος αυτή είναι υπεύθυνη για τη δημιουργία της 
γραφικής διεπαφής του εικονικού πληκτρολογίου.
 []


Overfull \hbox (4.84068pt too wide) in paragraph at lines 296--304
\TU/Calibri(0)/m/n/10.95 ApplicationExplorer αντικείμενο "περνώντας" στον const
ructor του το αντικείμενο της εφαρμογής.
 []

[33]
Overfull \hbox (75.41377pt too wide) in paragraph at lines 321--322
[][][][][][][][][][][][][][][][][][][][][][][][][][][][][][][] 
 []


Overfull \hbox (48.4135pt too wide) in paragraph at lines 324--325
[][][][][][][][][][][][][][][][][][][][][][][][] 
 []

[34]
Missing character: There is no ␣ (U+2423) in font Calibri/OT:script=latn;langua
ge=dflt;!
Missing character: There is no ␣ (U+2423) in font Calibri/OT:script=latn;langua
ge=dflt;!
Missing character: There is no ␣ (U+2423) in font Calibri/OT:script=latn;langua
ge=dflt;!

Overfull \hbox (10.61311pt too wide) in paragraph at lines 341--342
[][][][][][][][][][][][][][][][][] 
 []

[35]
Overfull \hbox (4.6696pt too wide) in paragraph at lines 402--404
[]\TU/Calibri(0)/m/n/10.95 Ρίχνοντας μια ματιά στον constructor της VirtualKeyb
oard, μπορούμε να δούμε πως το πρόγραμμα
 []

Missing character: There is no ␣ (U+2423) in font Calibri/OT:script=latn;langua
ge=dflt;!
[36]
Missing character: There is no ␣ (U+2423) in font Calibri/OT:script=latn;langua
ge=dflt;!

Overfull \hbox (3.50581pt too wide) in paragraph at lines 416--420
\TU/Calibri(0)/m/n/10.95 ακόμη κουμπιά και τέλος γίνεται έλεγχος από τον οποίο 
η εφαρμογή γνωρίζει εάν το πληκτρολόγιο
 []

[37]
Missing character: There is no ␣ (U+2423) in font Calibri/OT:script=latn;langua
ge=dflt;!
Missing character: There is no ␣ (U+2423) in font Calibri/OT:script=latn;langua
ge=dflt;!
Missing character: There is no ␣ (U+2423) in font Calibri/OT:script=latn;langua
ge=dflt;!
Missing character: There is no ␣ (U+2423) in font Calibri/OT:script=latn;langua
ge=dflt;!
Missing character: There is no ␣ (U+2423) in font Calibri/OT:script=latn;langua
ge=dflt;!
Missing character: There is no ␣ (U+2423) in font Calibri/OT:script=latn;langua
ge=dflt;!
Missing character: There is no ␣ (U+2423) in font Calibri/OT:script=latn;langua
ge=dflt;!
Missing character: There is no ␣ (U+2423) in font Calibri/OT:script=latn;langua
ge=dflt;!
Missing character: There is no ␣ (U+2423) in font Calibri/OT:script=latn;langua
ge=dflt;!
Missing character: There is no ␣ (U+2423) in font Calibri/OT:script=latn;langua
ge=dflt;!
Missing character: There is no ␣ (U+2423) in font Calibri/OT:script=latn;langua
ge=dflt;!
Missing character: There is no ␣ (U+2423) in font Calibri/OT:script=latn;langua
ge=dflt;!
Missing character: There is no ␣ (U+2423) in font Calibri/OT:script=latn;langua
ge=dflt;!
Missing character: There is no ␣ (U+2423) in font Calibri/OT:script=latn;langua
ge=dflt;!
Missing character: There is no ␣ (U+2423) in font Calibri/OT:script=latn;langua
ge=dflt;!
Missing character: There is no ␣ (U+2423) in font Calibri/OT:script=latn;langua
ge=dflt;!

Overfull \hbox (188.81493pt too wide) in paragraph at lines 470--471
[][][][][][][][][][][][][][][][][][][][][][][][][][][][][][][][][][][][][][][][
][][][][][][][][][][][][][][][][][][][][][][][][][][][][][][][][][][][][][][][]
[][][][][][][][][][][][][][][][][][][][][][][][][][][][][][][][][][][][][][][] 

 []

Missing character: There is no ␣ (U+2423) in font Calibri/OT:script=latn;langua
ge=dflt;!
Missing character: There is no ␣ (U+2423) in font Calibri/OT:script=latn;langua
ge=dflt;!
Missing character: There is no ␣ (U+2423) in font Calibri/OT:script=latn;langua
ge=dflt;!
Missing character: There is no ␣ (U+2423) in font Calibri/OT:script=latn;langua
ge=dflt;!
Missing character: There is no ␣ (U+2423) in font Calibri/OT:script=latn;langua
ge=dflt;!
Missing character: There is no ␣ (U+2423) in font Calibri/OT:script=latn;langua
ge=dflt;!
Missing character: There is no ␣ (U+2423) in font Calibri/OT:script=latn;langua
ge=dflt;!
Missing character: There is no ␣ (U+2423) in font Calibri/OT:script=latn;langua
ge=dflt;!
Missing character: There is no ␣ (U+2423) in font Calibri/OT:script=latn;langua
ge=dflt;!
Missing character: There is no ␣ (U+2423) in font Calibri/OT:script=latn;langua
ge=dflt;!
Missing character: There is no ␣ (U+2423) in font Calibri/OT:script=latn;langua
ge=dflt;!
Missing character: There is no ␣ (U+2423) in font Calibri/OT:script=latn;langua
ge=dflt;!
Missing character: There is no ␣ (U+2423) in font Calibri/OT:script=latn;langua
ge=dflt;!
Missing character: There is no ␣ (U+2423) in font Calibri/OT:script=latn;langua
ge=dflt;!

Overfull \hbox (237.41542pt too wide) in paragraph at lines 474--475
[][][][][][][][][][][][][][][][][][][][][][][][][][][][][][][][][][][][][][][][
][][][][][][][][][][][][][][][][][][][][][][][][][][][][][][][][][][][][][][][]
[][][][][][][][][][][][][][][][][][][][][][][][][][][][][][][][][] 
 []

[38]
Overfull \hbox (1.48476pt too wide) in paragraph at lines 500--503
\TU/Calibri(0)/m/n/10.95 Αυτές οι διαδικασίες καλούνται συνεχώς από το Qt και ε
ίναι απαραίτητες για τη σωστή λειτουργία
 []

[39]
Overfull \hbox (19.61357pt too wide) in paragraph at lines 553--556
\TU/Calibri(0)/m/n/10.95 ελέγχους εντολών εισόδου που αφορούν την επικοινωνία μ
εταξύ του χειριστηρίου και της εφαρμογής
 []

[40]
Overfull \hbox (37.61339pt too wide) in paragraph at lines 563--564
[][][][][][][][][][][][][][][][][][][][][][][][][][][][][][][][][][][][][][][][
][][][][][][][][][][][][][][][][][][][][] 
 []


Overfull \hbox (10.61311pt too wide) in paragraph at lines 582--583
[][][][][][][][][][][][][][][][][][][][][] 
 []

) [41]
Κεφάλαιο \Greeknumeral {6}.
(./deploy.tex)
Overfull \hbox (2.03549pt too wide) in paragraph at lines 10--156
\TU/Calibri(0)/m/n/10.95 τα Αγγλικά και τα Ελληνικά. Στη συνέχεια γίνεται επιλο
γή του directory στο οποίο θα εγκατασταθεί
 []


Overfull \hbox (25.02443pt too wide) in paragraph at lines 10--156
\TU/Calibri(0)/m/n/10.95 ολοκλήρωση αυτών των ρυθμίσεων, φτάνει το τελικό στάδι
ο εγκατάστασης όπου ο installer αντιγράφει
 []


Overfull \hbox (15.25958pt too wide) in paragraph at lines 10--156
\TU/Calibri(0)/m/n/10.95 με το εργαλείο δημιουργίας εφαρμογών εγκατάστασης Inno
Setup: https://jrsoftware.org/isinfo.php.
 []


Overfull \hbox (78.79689pt too wide) in paragraph at lines 10--156
\TU/Calibri(0)/m/n/10.95 Η εφαρμογή είναι διαθέσιμη στο αποθετήριο της πτυχιακή
ς: https://github.com/KonstantinosTourtsakis/MultiDev-
 []

[42

]
Κεφάλαιο \Greeknumeral {7}.
(./telos.tex
Overfull \hbox (25.31882pt too wide) in paragraph at lines 2--16
 []\TU/Calibri(0)/m/n/10.95 χοντας πλέον μελετήσει το πρόγραμμα αυτό και αποκτή
σει μια καλή κατανόηση του προβλήματος
 []


Overfull \hbox (27.60507pt too wide) in paragraph at lines 2--16
\TU/Calibri(0)/m/n/10.95 παράδειγμα μιας ακόμη εφαρμογής εκτέλεσης προγραμμάτων
 αλλά παρουσιάζει και τα μειονεκτήματα
 []


Overfull \hbox (14.48885pt too wide) in paragraph at lines 2--16
\TU/Calibri(0)/m/n/10.95 λειτουργικά συστήματα. Η εκτέλεση ενός προγράμματος, η
 περιήγηση σε αυτό αλλά και η περιήγηση
 []


Overfull \hbox (15.87094pt too wide) in paragraph at lines 2--16
\TU/Calibri(0)/m/n/10.95 ενός προσωπικού υπολογιστή. Οι εναλλακτικές λύσεις που
 υπάρχουν για την πρόσβαση σε λογισμικό
 []


Overfull \hbox (7.498pt too wide) in paragraph at lines 2--16
\TU/Calibri(0)/m/n/10.95 με τις επιπρόσθετες περιφερειακές συσκευές θέτουν τον 
χρήστη σε ένα περιβάλλον που περιορίζει
 []


Overfull \hbox (0.35484pt too wide) in paragraph at lines 2--16
\TU/Calibri(0)/m/n/10.95 ισχύος που απαιτείται για την εκτέλεσή τους. Παραδείγμ
ατα δεν αποτελούν μόνο οι εναλλακτικές
 []


Overfull \hbox (14.67679pt too wide) in paragraph at lines 2--16
\TU/Calibri(0)/m/n/10.95 δημοφιλείς εφαρμογές, συσκευές όπως ένα έξυπνο κινητό 
τηλέφωνο, μια κονσόλα βιντεοπαιχνιδιών
 []


Overfull \hbox (4.02441pt too wide) in paragraph at lines 17--19
[]\TU/Calibri(0)/m/n/10.95 Όσον αφορά τις τεχνολογίες που χρησιμοποιήθηκαν για 
την υλοποίηση του προγράμματος αυτού: 
 []

[43

]
Overfull \hbox (17.60852pt too wide) in paragraph at lines 24--27
[]\TU/Calibri(0)/m/n/10.95 Το XInput προσφέρει μια αρκετά κατανοητή λύση στην δ
ιαχείριση εισόδου από ένα χειριστήριο
 []


Overfull \hbox (0.57408pt too wide) in paragraph at lines 27--29
[]\TU/Calibri(0)/m/n/10.95 Το Windows ως το δημοφιλέστερο λειτουργικό σύστημα π
ροσωπικού υπολογιστή αποτελεί
 []

)
Overfull \hbox (10.43332pt too wide) in paragraph at lines 32--159
\TU/Calibri(0)/m/n/10.95 στις μέρες μας μια τέτοιου είδους λειτουργικότητα βασι
κής περιήγησης θα ήταν εξαιρετικά χρήσιμη
 []

[44] (./biblio.tex
! Undefined control sequence.
\tl ->\textlatin 
                 
l.10 \tl
        {The Qt Company Ltd,
? 

Underfull \hbox (badness 5696) in paragraph at lines 10--12
[]\TU/Calibri(0)/m/n/10.95 The Qt Company Ltd, \TU/Calibri(0)/m/it/10.95 QAppli
cation class\TU/Calibri(0)/m/n/10.95 , Qt6 Documentation, https://doc.qt.io/qt-

 []

! Undefined control sequence.
\tl ->\textlatin 
                 
l.16 \tl
        {The Qt Company Ltd,
? 

Underfull \hbox (badness 10000) in paragraph at lines 16--18
[]\TU/Calibri(0)/m/n/10.95 The Qt Company Ltd, \TU/Calibri(0)/m/it/10.95 QWidge
t class\TU/Calibri(0)/m/n/10.95 , Qt6 Documentation, https://doc.qt.io/qt-
 []

! Undefined control sequence.
\tl ->\textlatin 
                 
l.23 \tl
        {The Qt Company Ltd,
? 

Underfull \hbox (badness 5374) in paragraph at lines 23--25
[]\TU/Calibri(0)/m/n/10.95 The Qt Company Ltd, \TU/Calibri(0)/m/it/10.95 QPushB
utton class\TU/Calibri(0)/m/n/10.95 , Qt6 Documentation, https://doc.qt.io/qt-
 []

! Undefined control sequence.
\tl ->\textlatin 
                 
l.29 \tl
        {The Qt Company Ltd,
? 

Underfull \hbox (badness 4805) in paragraph at lines 29--31
[]\TU/Calibri(0)/m/n/10.95 The Qt Company Ltd, \TU/Calibri(0)/m/it/10.95 QVBoxL
ayout class\TU/Calibri(0)/m/n/10.95 , Qt6 Documentation, https://doc.qt.io/qt-
 []

! Undefined control sequence.
\tl ->\textlatin 
                 
l.35 \tl
        {The Qt Company Ltd,
? 

Underfull \hbox (badness 4505) in paragraph at lines 35--37
[]\TU/Calibri(0)/m/n/10.95 The Qt Company Ltd, \TU/Calibri(0)/m/it/10.95 QHBoxL
ayout class\TU/Calibri(0)/m/n/10.95 , Qt6 Documentation, https://doc.qt.io/qt-
 []

! Undefined control sequence.
\tl ->\textlatin 
                 
l.41 \tl
        {The Qt Company Ltd,
? 

Underfull \hbox (badness 6268) in paragraph at lines 41--43
[]\TU/Calibri(0)/m/n/10.95 The Qt Company Ltd, \TU/Calibri(0)/m/it/10.95 QGridL
ayout class\TU/Calibri(0)/m/n/10.95 , Qt6 Documentation, https://doc.qt.io/qt-
 []

! Undefined control sequence.
\tl ->\textlatin 
                 
l.47 \tl
        {The Qt Company Ltd,
? 

Underfull \hbox (badness 7047) in paragraph at lines 47--49
[]\TU/Calibri(0)/m/n/10.95 The Qt Company Ltd, \TU/Calibri(0)/m/it/10.95 QListW
idget class\TU/Calibri(0)/m/n/10.95 , Qt6 Documentation, https://doc.qt.io/qt-
 []

! Undefined control sequence.
\tl ->\textlatin 
                 
l.52 \tl
        {The Qt Company Ltd,
? 
! Undefined control sequence.
\tl ->\textlatin 
                 
l.58 \tl
        {The Qt Company Ltd,
? 

Underfull \hbox (badness 10000) in paragraph at lines 58--60
[]\TU/Calibri(0)/m/n/10.95 The Qt Company Ltd, \TU/Calibri(0)/m/it/10.95 QLineE
dit class\TU/Calibri(0)/m/n/10.95 , Qt6 Documentation, https://doc.qt.io/qt-
 []

! Undefined control sequence.
\tl ->\textlatin 
                 
l.64 \tl
        {The Qt Company Ltd,
? 

Underfull \hbox (badness 10000) in paragraph at lines 64--66
[]\TU/Calibri(0)/m/n/10.95 The Qt Company Ltd, \TU/Calibri(0)/m/it/10.95 QSetti
ngs class\TU/Calibri(0)/m/n/10.95 , Qt6 Documentation, https://doc.qt.io/qt-
 []

[45

]
! Undefined control sequence.
\tl ->\textlatin 
                 
l.70 \tl
        {The Qt Company Ltd,
? 
! Undefined control sequence.
\tl ->\textlatin 
                 
l.76 \tl
        {Ivan Akulov,
? 

Underfull \hbox (badness 10000) in paragraph at lines 76--78
[]\TU/Calibri(0)/m/n/10.95 Ivan Akulov, \TU/Calibri(0)/m/it/10.95 Extracting ic
on using WinAPI in Qt app\TU/Calibri(0)/m/n/10.95 , Stack Overflow ερώτηση,
 []

! Undefined control sequence.
\tl ->\textlatin 
                 
l.82 \tl
        {The Qt Company Ltd,
? 

Underfull \hbox (badness 7186) in paragraph at lines 82--84
[]\TU/Calibri(0)/m/n/10.95 The Qt Company Ltd, \TU/Calibri(0)/m/it/10.95 QCompl
eter Class\TU/Calibri(0)/m/n/10.95 , Qt6 Documentation, https://doc.qt.io/qt-
 []

! Undefined control sequence.
\tl ->\textlatin 
                 
l.88 \tl
        {The Qt Company Ltd,
? 
! Undefined control sequence.
\tl ->\textlatin 
                 
l.96 \tl
        {Microsoft,
? 

Underfull \hbox (badness 6125) in paragraph at lines 96--98
[]\TU/Calibri(0)/m/n/10.95 Microsoft, \TU/Calibri(0)/m/it/10.95 Getting Started
 With XInput in Windows applications\TU/Calibri(0)/m/n/10.95 , Windows Win32
 []


Underfull \hbox (badness 10000) in paragraph at lines 96--98
\TU/Calibri(0)/m/n/10.95 Documentation, https://learn.microsoft.com/en-us/windo
ws/win32/xinput/getting-
 []

! Undefined control sequence.
\tl ->\textlatin 
                 
l.103 \tl
         {Minalien,
? 

Underfull \hbox (badness 10000) in paragraph at lines 103--105
[]\TU/Calibri(0)/m/n/10.95 Minalien, \TU/Calibri(0)/m/it/10.95 Xbox 360 Control
ler Input in C++ with XInput\TU/Calibri(0)/m/n/10.95 , Code Project article,
 []

! Undefined control sequence.
\tl ->\textlatin 
                 
l.110 \tl
         {Microsoft,
? 

Underfull \hbox (badness 10000) in paragraph at lines 110--112
[]\TU/Calibri(0)/m/n/10.95 Microsoft, \TU/Calibri(0)/m/it/10.95 SendInput funct
ion (winuser.h)\TU/Calibri(0)/m/n/10.95 , Windows Win32 Documentation,
 []

! Undefined control sequence.
\tl ->\textlatin 
                 
l.117 \tl
         {The Qt Company Ltd,
? 
) [46] (./abbrev.tex
! Undefined control sequence.
\tl ->\textlatin 
                 
l.7 {\tl{User Interface}}
                         
? 
! Undefined control sequence.
\tl ->\textlatin 
                 
l.7 {\tl{User Interface}}
                         
? 

Overfull \hbox (7.54724pt too wide) in paragraph at lines 7--8
[] 
 []


Underfull \hbox (badness 10000) in paragraph at lines 7--8

 []

! Undefined control sequence.
\tl ->\textlatin 
                 
l.15 {\tl{integer}}
                   
? 
! Undefined control sequence.
\tl ->\textlatin 
                 
l.15 {\tl{integer}}
                   
? 

Overfull \hbox (7.54724pt too wide) in paragraph at lines 15--16
[] 
 []


Underfull \hbox (badness 10000) in paragraph at lines 15--16

 []

! Undefined control sequence.
\tl ->\textlatin 
                 
l.20 {\tl{boolean}}
                   
? 
! Undefined control sequence.
\tl ->\textlatin 
                 
l.20 {\tl{boolean}}
                   
? 

Overfull \hbox (7.54724pt too wide) in paragraph at lines 20--21
[] 
 []


Underfull \hbox (badness 10000) in paragraph at lines 20--21

 []

! Undefined control sequence.
\tl ->\textlatin 
                 
l.27 {\tl{floating point}}
                          
? 
! Undefined control sequence.
\tl ->\textlatin 
                 
l.27 {\tl{floating point}}
                          
? 

Overfull \hbox (7.54724pt too wide) in paragraph at lines 27--28
[] 
 []


Underfull \hbox (badness 10000) in paragraph at lines 27--28

 []

! Undefined control sequence.
\tl ->\textlatin 
                 
l.33 {\tl{Ηλεκτρονικός Υπολογιστής}}
                                    
? 
! Undefined control sequence.
\tl ->\textlatin 
                 
l.33 {\tl{Ηλεκτρονικός Υπολογιστής}}
                                    
? 

Overfull \hbox (7.54724pt too wide) in paragraph at lines 33--34
[] 
 []


Underfull \hbox (badness 10000) in paragraph at lines 33--34

 []

) [47

] (./glossari.tex
! Undefined control sequence.
\tl ->\textlatin 
                 
l.6 {Δικαιώματα Πρόσβασης}
                          
? 

Overfull \hbox (7.54724pt too wide) in paragraph at lines 6--7
[] 
 []


Underfull \hbox (badness 10000) in paragraph at lines 6--7

 []

! Undefined control sequence.
\tl ->\textlatin 
                 
l.12 {Παράμετροι}
                 
? 

Overfull \hbox (7.54724pt too wide) in paragraph at lines 12--13
[] 
 []


Underfull \hbox (badness 10000) in paragraph at lines 12--13

 []

! Undefined control sequence.
\tl ->\textlatin 
                 
l.17 {Λειτουργικό σύστημα της Microsoft}
                                        
? 

Overfull \hbox (7.54724pt too wide) in paragraph at lines 17--18
[] 
 []


Underfull \hbox (badness 10000) in paragraph at lines 17--18

 []

! Undefined control sequence.
\tl ->\textlatin 
                 
l.23 {Λειτουργικό σύστημα}
                          
? 

Overfull \hbox (7.54724pt too wide) in paragraph at lines 23--24
[] 
 []


Underfull \hbox (badness 10000) in paragraph at lines 23--24

 []

! Undefined control sequence.
\tl ->\textlatin 
                 
l.28 {Λειτουργικό σύστημα της Apple}
                                    
? 

Overfull \hbox (7.54724pt too wide) in paragraph at lines 28--29
[] 
 []


Underfull \hbox (badness 10000) in paragraph at lines 28--29

 []

! Undefined control sequence.
\tl ->\textlatin 
                 
l.33 {Λειτουργικό σύστημα της Google}
                                     
? 

Overfull \hbox (7.54724pt too wide) in paragraph at lines 33--34
[] 
 []


Underfull \hbox (badness 10000) in paragraph at lines 33--34

 []

! Undefined control sequence.
\tl ->\textlatin 
                 
l.38 {Κονσόλα βιντεοπαιχνιδιών}
                               
? 

Overfull \hbox (7.54724pt too wide) in paragraph at lines 38--39
[] 
 []


Underfull \hbox (badness 10000) in paragraph at lines 38--39

 []

! Undefined control sequence.
\tl ->\textlatin 
                 
l.42 {Γλώσσα προγραμματισμού}
                             
? 

Overfull \hbox (7.54724pt too wide) in paragraph at lines 42--43
[] 
 []


Underfull \hbox (badness 10000) in paragraph at lines 42--43

 []

! Undefined control sequence.
\tl ->\textlatin 
                 
l.46 {Γλώσσα προγραμματισμού}
                             
? 

Overfull \hbox (7.54724pt too wide) in paragraph at lines 46--47
[] 
 []


Underfull \hbox (badness 10000) in paragraph at lines 46--47

 []

! Undefined control sequence.
\tl ->\textlatin 
                 
l.50 {Εγκάρσια πλατφόρμα}
                         
? 

Overfull \hbox (7.54724pt too wide) in paragraph at lines 50--51
[] 
 []


Underfull \hbox (badness 10000) in paragraph at lines 50--51

 []

[48

]
! Undefined control sequence.
\tl ->\textlatin 
                 
l.56 {Σήμα}
           
? 

Overfull \hbox (7.54724pt too wide) in paragraph at lines 56--57
[] 
 []


Underfull \hbox (badness 10000) in paragraph at lines 56--57

 []

! Undefined control sequence.
\tl ->\textlatin 
                 
l.61 {Θυρίδα}
             
? 

Overfull \hbox (7.54724pt too wide) in paragraph at lines 61--62
[] 
 []


Underfull \hbox (badness 10000) in paragraph at lines 61--62

 []

! Undefined control sequence.
\tl ->\textlatin 
                 
l.67 {Πλαίσιο}
              
? 

Overfull \hbox (7.54724pt too wide) in paragraph at lines 67--68
[] 
 []


Underfull \hbox (badness 10000) in paragraph at lines 67--68

 []

! Undefined control sequence.
\tl ->\textlatin 
                 
l.73 {Μονοπάτι}
               
? 

Overfull \hbox (7.54724pt too wide) in paragraph at lines 73--74
[] 
 []


Underfull \hbox (badness 10000) in paragraph at lines 73--74

 []

! Undefined control sequence.
\tl ->\textlatin 
                 
l.78 {Πρόγραμμα εγκατάστασης εφαρμογής}
                                       
? 

Overfull \hbox (7.54724pt too wide) in paragraph at lines 78--79
[] 
 []


Underfull \hbox (badness 10000) in paragraph at lines 78--79

 []

! Undefined control sequence.
\tl ->\textlatin 
                 
l.82 {}
       
? 

Overfull \hbox (7.54724pt too wide) in paragraph at lines 82--83
[] 
 []


Underfull \hbox (badness 10000) in paragraph at lines 82--83

 []

! Undefined control sequence.
\tl ->\textlatin 
                 
l.88 {Δομή}
           
? 

Overfull \hbox (7.54724pt too wide) in paragraph at lines 88--89
[] 
 []


Underfull \hbox (badness 10000) in paragraph at lines 88--89

 []

! Undefined control sequence.
\tl ->\textlatin 
                 
l.93 {Κράτησης θέσης}
                     
? 

Overfull \hbox (7.54724pt too wide) in paragraph at lines 93--94
[] 
 []


Underfull \hbox (badness 10000) in paragraph at lines 93--94

 []

! Undefined control sequence.
\tl ->\textlatin 
                 
l.99 {Προσαρμοσμένο μενού περιβάλλοντος}
                                        
? 

Overfull \hbox (7.54724pt too wide) in paragraph at lines 99--100
[] 
 []


Underfull \hbox (badness 10000) in paragraph at lines 99--100

 []

! Undefined control sequence.
\tl ->\textlatin 
                 
l.104 {Συντόμευση}
                  
? 

Overfull \hbox (7.54724pt too wide) in paragraph at lines 104--105
[] 
 []


Underfull \hbox (badness 10000) in paragraph at lines 104--105

 []

! Undefined control sequence.
\tl ->\textlatin 
                 
l.109 {Επιφάνεια εργασίας}
                          
? 

Overfull \hbox (7.54724pt too wide) in paragraph at lines 109--110
[] 
 []


Underfull \hbox (badness 10000) in paragraph at lines 109--110

 []

! Undefined control sequence.
\tl ->\textlatin 
                 
l.115 {Καθολικός}
                 
? 

Overfull \hbox (7.54724pt too wide) in paragraph at lines 115--116
[] 
 []


Underfull \hbox (badness 10000) in paragraph at lines 115--116

 []

! Undefined control sequence.
\tl ->\textlatin 
                 
l.120 {Συμβολοσειρά}
                    
? 

Overfull \hbox (7.54724pt too wide) in paragraph at lines 120--121
[] 
 []


Underfull \hbox (badness 10000) in paragraph at lines 120--121

 []

[49]
! Undefined control sequence.
\tl ->\textlatin 
                 
l.126 {Kατασκευαστής}
                     
? 

Overfull \hbox (7.54724pt too wide) in paragraph at lines 126--127
[] 
 []


Underfull \hbox (badness 10000) in paragraph at lines 126--127

 []

! Undefined control sequence.
\tl ->\textlatin 
                 
l.131 {Διευθηντήριο}
                    
? 

Overfull \hbox (7.54724pt too wide) in paragraph at lines 131--132
[] 
 []


Underfull \hbox (badness 10000) in paragraph at lines 131--132

 []

! Undefined control sequence.
\tl ->\textlatin 
                 
l.136 {Πεδίο εισόδου}
                     
? 

Overfull \hbox (7.54724pt too wide) in paragraph at lines 136--137
[] 
 []


Underfull \hbox (badness 10000) in paragraph at lines 136--137

 []

! Undefined control sequence.
\tl ->\textlatin 
                 
l.140 {Γραφική Διεπαφή}
                       
? 

Overfull \hbox (7.54724pt too wide) in paragraph at lines 140--141
[] 
 []


Underfull \hbox (badness 10000) in paragraph at lines 140--141

 []

! Undefined control sequence.
\tl ->\textlatin 
                 
l.147 {κύρια}
             
? 

Overfull \hbox (7.54724pt too wide) in paragraph at lines 147--148
[] 
 []


Underfull \hbox (badness 10000) in paragraph at lines 147--148

 []

! Undefined control sequence.
\tl ->\textlatin 
                 
l.153 {συσκευή πολυμεσικών εφαρμογών τηλεόρασης}
                                                
? 
)
Overfull \hbox (7.54724pt too wide) in paragraph at lines 153--175
[] 
 []


Underfull \hbox (badness 10000) in paragraph at lines 153--175

 []

[50] (./finder.tex)
No file thesis.ind.
The property list \polyglossia@langsetup contains the pairs (without outer
braces):
>  {latex/script}  =>  {latin}
>  {latex/lcscript}  =>  {latin}
>  {latex/scripttag}  =>  {}
>  {latex/language}  =>  {Latex}
>  {latex/langtag}  =>  {ENG}
>  {latex/bcp47}  =>  {}
>  {latex/hyphennames}  =>  {english}
>  {latex/direction}  =>  {LR}
>  {latex/hyphenmins}  =>  {2,3}
>  {latex/frenchspacing}  =>  {false}
>  {latex/indentfirst}  =>  {false}
>  {latex/fontsetup}  =>  {true}
>  {latex/envname}  =>  {latex}
>  {latex/babelname}  =>  {latex}
>  {latex/localnumeral}  =>  {polyglossia@C@localnumeral}
>  {latex/Localnumeral}  =>  {polyglossia@C@localnumeral}
>  {greek/script}  =>  {Greek}
>  {greek/lcscript}  =>  {greek}
>  {greek/scripttag}  =>  {grek}
>  {greek/language}  =>  {Greek}
>  {greek/langtag}  =>  {ELL}
>  {greek/bcp47}  =>  {el-monoton}
>  {greek/hyphennames}  =>  {}
>  {greek/direction}  =>  {LR}
>  {greek/hyphenmins}  =>  {2,3}
>  {greek/frenchspacing}  =>  {true}
>  {greek/indentfirst}  =>  {true}
>  {greek/fontsetup}  =>  {true}
>  {greek/envname}  =>  {greek}
>  {greek/babelname}  =>  {greek}
>  {greek/localnumeral}  =>  {greeknumerals}
>  {greek/Localnumeral}  =>  {Greeknumerals}.
[51

] (./thesis.aux
LaTeX Info: Redefining \rmfamily on input line 2.
LaTeX Info: Redefining \sffamily on input line 2.
LaTeX Info: Redefining \ttfamily on input line 2.
)

LaTeX Warning: Label(s) may have changed. Rerun to get cross-references right.

 ) 
Here is how much of TeX's memory you used:
 10863 strings out of 478190
 245844 string characters out of 5854827
 805473 words of memory out of 5000000
 31250 multiletter control sequences out of 15000+600000
 477986 words of font info for 104 fonts, out of 8000000 for 9000
 14 hyphenation exceptions out of 8191
 87i,8n,102p,407b,1645s stack positions out of 5000i,500n,10000p,200000b,80000s

Output written on thesis.pdf (61 pages).
